Determining if the pthread_create exist failed with the following output:
Change Dir: /home/workspace/CarND-Capstone/ros/build/CMakeFiles/CMakeTmp

Run Build Command:"/usr/bin/make" "cmTC_f7f9c/fast"
/usr/bin/make -f CMakeFiles/cmTC_f7f9c.dir/build.make CMakeFiles/cmTC_f7f9c.dir/build
make[1]: Entering directory '/home/workspace/CarND-Capstone/ros/build/CMakeFiles/CMakeTmp'
Building C object CMakeFiles/cmTC_f7f9c.dir/CheckSymbolExists.c.o
/usr/bin/cc    -o CMakeFiles/cmTC_f7f9c.dir/CheckSymbolExists.c.o   -c /home/workspace/CarND-Capstone/ros/build/CMakeFiles/CMakeTmp/CheckSymbolExists.c
Linking C executable cmTC_f7f9c
/usr/local/bin/cmake -E cmake_link_script CMakeFiles/cmTC_f7f9c.dir/link.txt --verbose=1
/usr/bin/cc      -rdynamic CMakeFiles/cmTC_f7f9c.dir/CheckSymbolExists.c.o  -o cmTC_f7f9c 
CMakeFiles/cmTC_f7f9c.dir/CheckSymbolExists.c.o: In function `main':
CheckSymbolExists.c:(.text+0x16): undefined reference to `pthread_create'
collect2: error: ld returned 1 exit status
CMakeFiles/cmTC_f7f9c.dir/build.make:86: recipe for target 'cmTC_f7f9c' failed
make[1]: *** [cmTC_f7f9c] Error 1
make[1]: Leaving directory '/home/workspace/CarND-Capstone/ros/build/CMakeFiles/CMakeTmp'
Makefile:121: recipe for target 'cmTC_f7f9c/fast' failed
make: *** [cmTC_f7f9c/fast] Error 2

File /home/workspace/CarND-Capstone/ros/build/CMakeFiles/CMakeTmp/CheckSymbolExists.c:
/* */
#include <pthread.h>

int main(int argc, char** argv)
{
  (void)argv;
#ifndef pthread_create
  return ((int*)(&pthread_create))[argc];
#else
  (void)argc;
  return 0;
#endif
}

Determining if the function pthread_create exists in the pthreads failed with the following output:
Change Dir: /home/workspace/CarND-Capstone/ros/build/CMakeFiles/CMakeTmp

Run Build Command:"/usr/bin/make" "cmTC_4e43a/fast"
/usr/bin/make -f CMakeFiles/cmTC_4e43a.dir/build.make CMakeFiles/cmTC_4e43a.dir/build
make[1]: Entering directory '/home/workspace/CarND-Capstone/ros/build/CMakeFiles/CMakeTmp'
Building C object CMakeFiles/cmTC_4e43a.dir/CheckFunctionExists.c.o
/usr/bin/cc   -DCHECK_FUNCTION_EXISTS=pthread_create   -o CMakeFiles/cmTC_4e43a.dir/CheckFunctionExists.c.o   -c /usr/local/share/cmake-3.13/Modules/CheckFunctionExists.c
Linking C executable cmTC_4e43a
/usr/local/bin/cmake -E cmake_link_script CMakeFiles/cmTC_4e43a.dir/link.txt --verbose=1
/usr/bin/cc  -DCHECK_FUNCTION_EXISTS=pthread_create    -rdynamic CMakeFiles/cmTC_4e43a.dir/CheckFunctionExists.c.o  -o cmTC_4e43a -lpthreads 
/usr/bin/ld: cannot find -lpthreads
collect2: error: ld returned 1 exit status
CMakeFiles/cmTC_4e43a.dir/build.make:86: recipe for target 'cmTC_4e43a' failed
make[1]: *** [cmTC_4e43a] Error 1
make[1]: Leaving directory '/home/workspace/CarND-Capstone/ros/build/CMakeFiles/CMakeTmp'
Makefile:121: recipe for target 'cmTC_4e43a/fast' failed
make: *** [cmTC_4e43a/fast] Error 2


